2020-03-17 02:27:44,378 INFO o.a.j.u.JMeterUtils: Setting Locale to en_EN
2020-03-17 02:27:44,402 INFO o.a.j.JMeter: Loading user properties from: /Users/sahabt/Desktop/apache-jmeter-5.1.1/bin/user.properties
2020-03-17 02:27:44,403 INFO o.a.j.JMeter: Loading system properties from: /Users/sahabt/Desktop/apache-jmeter-5.1.1/bin/system.properties
2020-03-17 02:27:44,410 INFO o.a.j.JMeter: Copyright (c) 1998-2019 The Apache Software Foundation
2020-03-17 02:27:44,410 INFO o.a.j.JMeter: Version 5.1.1 r1855137
2020-03-17 02:27:44,410 INFO o.a.j.JMeter: java.version=1.8.0_161
2020-03-17 02:27:44,410 INFO o.a.j.JMeter: java.vm.name=Java HotSpot(TM) 64-Bit Server VM
2020-03-17 02:27:44,410 INFO o.a.j.JMeter: os.name=Mac OS X
2020-03-17 02:27:44,410 INFO o.a.j.JMeter: os.arch=x86_64
2020-03-17 02:27:44,410 INFO o.a.j.JMeter: os.version=10.14.5
2020-03-17 02:27:44,410 INFO o.a.j.JMeter: file.encoding=UTF-8
2020-03-17 02:27:44,410 INFO o.a.j.JMeter: java.awt.headless=null
2020-03-17 02:27:44,411 INFO o.a.j.JMeter: Max memory     =8589934592
2020-03-17 02:27:44,411 INFO o.a.j.JMeter: Available Processors =8
2020-03-17 02:27:44,415 INFO o.a.j.JMeter: Default Locale=English (EN)
2020-03-17 02:27:44,415 INFO o.a.j.JMeter: JMeter  Locale=English (EN)
2020-03-17 02:27:44,415 INFO o.a.j.JMeter: JMeterHome=/Users/sahabt/Desktop/apache-jmeter-5.1.1
2020-03-17 02:27:44,415 INFO o.a.j.JMeter: user.dir  =/Users/sahabt/Downloads/example
2020-03-17 02:27:44,415 INFO o.a.j.JMeter: PWD       =/Users/sahabt/Downloads/example
2020-03-17 02:27:55,206 INFO o.a.j.JMeter: IP: 192.168.1.25 Name: BatuhanZafer.local FullName: 192.168.1.25
2020-03-17 02:27:56,992 INFO o.a.j.g.a.LookAndFeelCommand: Installing Darcula LAF
2020-03-17 02:27:57,006 INFO o.a.j.g.a.LookAndFeelCommand: Using look and feel: com.apple.laf.AquaLookAndFeel [Darcula]
2020-03-17 02:27:57,006 INFO o.a.j.JMeter: Setting LAF to: com.apple.laf.AquaLookAndFeel
2020-03-17 02:27:57,013 INFO o.a.j.JMeter: Loaded icon properties from org/apache/jmeter/images/icon.properties
2020-03-17 02:27:57,904 INFO o.j.r.JARSourceHTTP: Requesting https://jmeter-plugins.org/repo/?installID=mac_os_x-4eeea74e0287b35819713d5eb32915bc-gui
2020-03-17 02:27:59,122 INFO o.a.j.p.h.s.HTTPSamplerBase: Parser for text/html is org.apache.jmeter.protocol.http.parser.LagartoBasedHtmlParser
2020-03-17 02:27:59,123 INFO o.a.j.p.h.s.HTTPSamplerBase: Parser for application/xhtml+xml is org.apache.jmeter.protocol.http.parser.LagartoBasedHtmlParser
2020-03-17 02:27:59,123 INFO o.a.j.p.h.s.HTTPSamplerBase: Parser for application/xml is org.apache.jmeter.protocol.http.parser.LagartoBasedHtmlParser
2020-03-17 02:27:59,123 INFO o.a.j.p.h.s.HTTPSamplerBase: Parser for text/xml is org.apache.jmeter.protocol.http.parser.LagartoBasedHtmlParser
2020-03-17 02:27:59,123 INFO o.a.j.p.h.s.HTTPSamplerBase: Parser for text/vnd.wap.wml is org.apache.jmeter.protocol.http.parser.RegexpHTMLParser
2020-03-17 02:27:59,124 INFO o.a.j.p.h.s.HTTPSamplerBase: Parser for text/css is org.apache.jmeter.protocol.http.parser.CssParser
2020-03-17 02:28:00,245 INFO o.a.j.e.KeyToolUtils: keytool found at 'keytool'
2020-03-17 02:28:00,246 INFO o.a.j.p.h.p.ProxyControl: HTTP(S) Test Script Recorder SSL Proxy will use keys that support embedded 3rd party resources in file /Users/sahabt/Desktop/apache-jmeter-5.1.1/bin/proxyserver.jks
2020-03-17 02:28:00,396 INFO o.a.j.s.FileServer: Default base='/Users/sahabt/Downloads/example'
2020-03-17 02:28:00,652 INFO o.a.j.s.SampleResult: Note: Sample TimeStamps are START times
2020-03-17 02:28:00,652 INFO o.a.j.s.SampleResult: sampleresult.default.encoding is set to ISO-8859-1
2020-03-17 02:28:00,652 INFO o.a.j.s.SampleResult: sampleresult.useNanoTime=true
2020-03-17 02:28:00,652 INFO o.a.j.s.SampleResult: sampleresult.nanoThreadSleep=5000
