21-04-2020 15:09:10.037 [Gauge] [DEBUG] Plugin java is already installed.
21-04-2020 15:09:10.038 [Gauge] [DEBUG] Plugin html-report is already installed.
21-04-2020 15:09:10.067 [java] [DEBUG] classpath set to C:\Program Files\Java\jdk1.8.0_241\jre\lib\charsets.jar;C:\Program Files\Java\jdk1.8.0_241\jre\lib\deploy.jar;C:\Program Files\Java\jdk1.8.0_241\jre\lib\ext\access-bridge-64.jar;C:\Program Files\Java\jdk1.8.0_241\jre\lib\ext\cldrdata.jar;C:\Program Files\Java\jdk1.8.0_241\jre\lib\ext\dnsns.jar;C:\Program Files\Java\jdk1.8.0_241\jre\lib\ext\jaccess.jar;C:\Program Files\Java\jdk1.8.0_241\jre\lib\ext\jfxrt.jar;C:\Program Files\Java\jdk1.8.0_241\jre\lib\ext\localedata.jar;C:\Program Files\Java\jdk1.8.0_241\jre\lib\ext\nashorn.jar;C:\Program Files\Java\jdk1.8.0_241\jre\lib\ext\sunec.jar;C:\Program Files\Java\jdk1.8.0_241\jre\lib\ext\sunjce_provider.jar;C:\Program Files\Java\jdk1.8.0_241\jre\lib\ext\sunmscapi.jar;C:\Program Files\Java\jdk1.8.0_241\jre\lib\ext\sunpkcs11.jar;C:\Program Files\Java\jdk1.8.0_241\jre\lib\ext\zipfs.jar;C:\Program Files\Java\jdk1.8.0_241\jre\lib\javaws.jar;C:\Program Files\Java\jdk1.8.0_241\jre\lib\jce.jar;C:\Program Files\Java\jdk1.8.0_241\jre\lib\jfr.jar;C:\Program Files\Java\jdk1.8.0_241\jre\lib\jfxswt.jar;C:\Program Files\Java\jdk1.8.0_241\jre\lib\jsse.jar;C:\Program Files\Java\jdk1.8.0_241\jre\lib\management-agent.jar;C:\Program Files\Java\jdk1.8.0_241\jre\lib\plugin.jar;C:\Program Files\Java\jdk1.8.0_241\jre\lib\resources.jar;C:\Program Files\Java\jdk1.8.0_241\jre\lib\rt.jar;C:\TestSpace\SeleniumGaugeDemo\out\production\example;C:\Users\ryto1\AppData\Roaming\gauge\plugins\java\0.7.3\libs\gson-2.8.5.jar;C:\Users\ryto1\AppData\Roaming\gauge\plugins\java\0.7.3\libs\jsr305-3.0.2.jar;C:\Users\ryto1\AppData\Roaming\gauge\plugins\java\0.7.3\libs\json-20190722.jar;C:\Users\ryto1\AppData\Roaming\gauge\plugins\java\0.7.3\libs\commons-io-2.6.jar;C:\Users\ryto1\AppData\Roaming\gauge\plugins\java\0.7.3\libs\guava-28.1-jre.jar;C:\Users\ryto1\AppData\Roaming\gauge\plugins\java\0.7.3\libs\grpc-api-1.25.0.jar;C:\Users\ryto1\AppData\Roaming\gauge\plugins\java\0.7.3\libs\commons-lang-2.6.jar;C:\Users\ryto1\AppData\Roaming\gauge\plugins\java\0.7.3\libs\gauge-java-0.7.3.jar;C:\Users\ryto1\AppData\Roaming\gauge\plugins\java\0.7.3\libs\grpc-core-1.25.0.jar;C:\Users\ryto1\AppData\Roaming\gauge\plugins\java\0.7.3\libs\grpc-stub-1.24.1.jar;C:\Users\ryto1\AppData\Roaming\gauge\plugins\java\0.7.3\libs\checker-qual-2.8.1.jar;C:\Users\ryto1\AppData\Roaming\gauge\plugins\java\0.7.3\libs\reflections-0.9.11.jar;C:\Users\ryto1\AppData\Roaming\gauge\plugins\java\0.7.3\libs\annotations-4.1.1.4.jar;C:\Users\ryto1\AppData\Roaming\gauge\plugins\java\0.7.3\libs\assertj-core-3.14.0.jar;C:\Users\ryto1\AppData\Roaming\gauge\plugins\java\0.7.3\libs\failureaccess-1.0.1.jar;C:\Users\ryto1\AppData\Roaming\gauge\plugins\java\0.7.3\libs\grpc-context-1.25.0.jar;C:\Users\ryto1\AppData\Roaming\gauge\plugins\java\0.7.3\libs\javassist-3.21.0-GA.jar;C:\Users\ryto1\AppData\Roaming\gauge\plugins\java\0.7.3\libs\perfmark-api-0.19.0.jar;C:\Users\ryto1\AppData\Roaming\gauge\plugins\java\0.7.3\libs\grpc-protobuf-1.24.1.jar;C:\Users\ryto1\AppData\Roaming\gauge\plugins\java\0.7.3\libs\protobuf-java-3.10.0.jar;C:\Users\ryto1\AppData\Roaming\gauge\plugins\java\0.7.3\libs\javaparser-core-2.5.1.jar;C:\Users\ryto1\AppData\Roaming\gauge\plugins\java\0.7.3\libs\opencensus-api-0.21.0.jar;C:\Users\ryto1\AppData\Roaming\gauge\plugins\java\0.7.3\libs\j2objc-annotations-1.3.jar;C:\Users\ryto1\AppData\Roaming\gauge\plugins\java\0.7.3\libs\grpc-netty-shaded-1.25.0.jar;C:\Users\ryto1\AppData\Roaming\gauge\plugins\java\0.7.3\libs\grpc-protobuf-lite-1.24.1.jar;C:\Users\ryto1\AppData\Roaming\gauge\plugins\java\0.7.3\libs\javax.annotation-api-1.3.2.jar;C:\Users\ryto1\AppData\Roaming\gauge\plugins\java\0.7.3\libs\error_prone_annotations-2.3.2.jar;C:\Users\ryto1\AppData\Roaming\gauge\plugins\java\0.7.3\libs\animal-sniffer-annotations-1.18.jar;C:\Users\ryto1\AppData\Roaming\gauge\plugins\java\0.7.3\libs\proto-google-common-protos-1.12.0.jar;C:\Users\ryto1\AppData\Roaming\gauge\plugins\java\0.7.3\libs\opencensus-contrib-grpc-metrics-0.21.0.jar;C:\Users\ryto1\AppData\Roaming\gauge\plugins\java\0.7.3\libs\listenablefuture-9999.0-empty-to-avoid-conflict-with-guava.jar;C:\Users\ryto1\.m2\repository\junit\junit\4.12\junit-4.12.jar;C:\Users\ryto1\.m2\repository\org\hamcrest\hamcrest-core\1.3\hamcrest-core-1.3.jar;C:\Users\ryto1\Desktop\TEST\selenium-server-standalone-3.141.59.jar
21-04-2020 15:09:10.348 [java] [DEBUG] Connecting to port: 64688
21-04-2020 15:09:10.356 [java] [DEBUG] Connected to 127.0.0.1:64688
21-04-2020 15:09:10.568 [Gauge] [DEBUG] Checking updates...
21-04-2020 15:09:10.571 [Gauge] [DEBUG] Downloading https://downloads.gauge.org/plugin/csharp?l=java&p=csharp,dotnet,html-report,java,js,python,ruby,screenshot,spectacle,xml-report&o=windows&a=amd64
21-04-2020 15:09:11.807 [Gauge] [DEBUG] Downloading https://downloads.gauge.org/plugin/dotnet?l=java&p=csharp,dotnet,html-report,java,js,python,ruby,screenshot,spectacle,xml-report&o=windows&a=amd64
21-04-2020 15:09:12.082 [Gauge] [DEBUG] Downloading https://downloads.gauge.org/plugin/html-report?l=java&p=csharp,dotnet,html-report,java,js,python,ruby,screenshot,spectacle,xml-report&o=windows&a=amd64
21-04-2020 15:09:12.365 [Gauge] [DEBUG] Downloading https://downloads.gauge.org/plugin/java?l=java&p=csharp,dotnet,html-report,java,js,python,ruby,screenshot,spectacle,xml-report&o=windows&a=amd64
21-04-2020 15:09:12.650 [Gauge] [DEBUG] Downloading https://downloads.gauge.org/plugin/js?l=java&p=csharp,dotnet,html-report,java,js,python,ruby,screenshot,spectacle,xml-report&o=windows&a=amd64
21-04-2020 15:09:12.940 [Gauge] [DEBUG] Downloading https://downloads.gauge.org/plugin/python?l=java&p=csharp,dotnet,html-report,java,js,python,ruby,screenshot,spectacle,xml-report&o=windows&a=amd64
21-04-2020 15:09:13.218 [Gauge] [DEBUG] Downloading https://downloads.gauge.org/plugin/ruby?l=java&p=csharp,dotnet,html-report,java,js,python,ruby,screenshot,spectacle,xml-report&o=windows&a=amd64
21-04-2020 15:09:13.629 [Gauge] [DEBUG] Downloading https://downloads.gauge.org/plugin/screenshot?l=java&p=csharp,dotnet,html-report,java,js,python,ruby,screenshot,spectacle,xml-report&o=windows&a=amd64
21-04-2020 15:09:13.907 [Gauge] [DEBUG] Downloading https://downloads.gauge.org/plugin/spectacle?l=java&p=csharp,dotnet,html-report,java,js,python,ruby,screenshot,spectacle,xml-report&o=windows&a=amd64
21-04-2020 15:09:14.173 [java] [DEBUG] Scanning packages for steps
21-04-2020 15:09:14.192 [Gauge] [DEBUG] Downloading https://downloads.gauge.org/plugin/xml-report?l=java&p=csharp,dotnet,html-report,java,js,python,ruby,screenshot,spectacle,xml-report&o=windows&a=amd64
21-04-2020 15:09:14.202 [java] [DEBUG] Scanning packages for hooks
21-04-2020 15:09:38.407 [Gauge] [INFO] Closing connection [127.0.0.1:64696] cause: EOF
21-04-2020 15:09:38.478 [Gauge] [DEBUG] Plugin [Html Report] with pid [18100] has exited
21-04-2020 15:09:38.479 [java] [DEBUG] Kill process request recieved
21-04-2020 15:09:38.681 [Gauge] [INFO] Specifications:	1 executed	1 passed	0 failed	0 skipped
21-04-2020 15:09:38.681 [Gauge] [INFO] Scenarios:	1 executed	1 passed	0 failed	0 skipped
21-04-2020 15:09:38.681 [Gauge] [INFO] 
Total time taken: 22.252s
21-04-2020 15:09:38.682 [Gauge] [INFO] Updates are available. Run `gauge update -c` for more info.
